<?xml version="1.0" encoding="UTF-8"?>
<!-- Generated by org.testng.reporters.JUnitXMLReporter -->
<testsuite hostname="VARUNKUMAR_S" name="VerifyWelcomePageOnChrome" tests="11" failures="0" timestamp="4 Sep 2014 14:34:34 GMT" time="0.462" errors="0">
  <testcase name="@BeforeTest setUp" time="0.0" classname="com.photon.phresco.testcases.JavaWebServiceTest">
    <failure type="org.openqa.selenium.WebDriverException" message="Error forwarding the new session cannot find : {platform=WINDOWS, browserName=chrome}
Command duration or timeout: 114 milliseconds
Build info: version: &amp;apos;2.37.0&amp;apos;, revision: &amp;apos;a7c61cb&amp;apos;, time: &amp;apos;2013-10-18 17:14:00&amp;apos;
System info: host: &amp;apos;VARUNKUMAR_S&amp;apos;, ip: &amp;apos;172.16.27.142&amp;apos;, os.name: &amp;apos;Windows 8&amp;apos;, os.arch: &amp;apos;amd64&amp;apos;, os.version: &amp;apos;6.2&amp;apos;, java.version: &amp;apos;1.7.0_51&amp;apos;
Driver info: org.openqa.selenium.remote.RemoteWebDriver">
      <![CDATA[org.openqa.selenium.WebDriverException: Error forwarding the new session cannot find : {platform=WINDOWS, browserName=chrome}
Command duration or timeout: 114 milliseconds
Build info: version: '2.37.0', revision: 'a7c61cb', time: '2013-10-18 17:14:00'
System info: host: 'VARUNKUMAR_S', ip: '172.16.27.142', os.name: 'Windows 8', os.arch: 'amd64', os.version: '6.2', java.version: '1.7.0_51'
Driver info: org.openqa.selenium.remote.RemoteWebDriver
	at org.openqa.selenium.remote.ErrorHandler.createThrowable(ErrorHandler.java:193)
	at org.openqa.selenium.remote.ErrorHandler.throwIfResponseFailed(ErrorHandler.java:145)
	at org.openqa.selenium.remote.RemoteWebDriver.execute(RemoteWebDriver.java:554)
	at org.openqa.selenium.remote.RemoteWebDriver.startSession(RemoteWebDriver.java:216)
	at org.openqa.selenium.remote.RemoteWebDriver.<init>(RemoteWebDriver.java:111)
	at org.openqa.selenium.remote.RemoteWebDriver.<init>(RemoteWebDriver.java:129)
	at com.photon.phresco.Screens.BaseScreen.instantiateBrowser(BaseScreen.java:187)
	at com.photon.phresco.Screens.BaseScreen.initialize(BaseScreen.java:88)
	at com.photon.phresco.Screens.WebDriverAbstractBaseScreen.<init>(WebDriverAbstractBaseScreen.java:87)
	at com.photon.phresco.Screens.PhotonAbstractScreen.<init>(PhotonAbstractScreen.java:54)
	at com.photon.phresco.Screens.WelcomeScreen.<init>(WelcomeScreen.java:34)
	at com.photon.phresco.testcases.JavaWebServiceTest.setUp(JavaWebServiceTest.java:69)
	at java.util.concurrent.FutureTask.run(FutureTask.java:262)
	at java.util.concurrent.ThreadPoolExecutor.runWorker(ThreadPoolExecutor.java:1145)
	at java.util.concurrent.ThreadPoolExecutor$Worker.run(ThreadPoolExecutor.java:615)
	at java.lang.Thread.run(Thread.java:744)
Caused by: org.openqa.grid.common.exception.GridException: Error forwarding the new session cannot find : {platform=WINDOWS, browserName=chrome}
	at org.openqa.grid.web.servlet.handler.RequestHandler.process(RequestHandler.java:112)
	at org.openqa.grid.web.servlet.DriverServlet.process(DriverServlet.java:84)
	at org.openqa.grid.web.servlet.DriverServlet.doPost(DriverServlet.java:68)
	at javax.servlet.http.HttpServlet.service(HttpServlet.java:727)
	at javax.servlet.http.HttpServlet.service(HttpServlet.java:820)
	at org.seleniumhq.jetty7.servlet.ServletHolder.handle(ServletHolder.java:565)
	at org.seleniumhq.jetty7.servlet.ServletHandler.doHandle(ServletHandler.java:479)
	at org.seleniumhq.jetty7.server.session.SessionHandler.doHandle(SessionHandler.java:225)
	at org.seleniumhq.jetty7.server.handler.ContextHandler.doHandle(ContextHandler.java:1031)
	at org.seleniumhq.jetty7.servlet.ServletHandler.doScope(ServletHandler.java:406)
	at org.seleniumhq.jetty7.server.session.SessionHandler.doScope(SessionHandler.java:186)
	at org.seleniumhq.jetty7.server.handler.ContextHandler.doScope(ContextHandler.java:965)
	at org.seleniumhq.jetty7.server.handler.ScopedHandler.handle(ScopedHandler.java:117)
	at org.seleniumhq.jetty7.server.handler.HandlerWrapper.handle(HandlerWrapper.java:111)
	at org.seleniumhq.jetty7.server.Server.handle(Server.java:349)
	at org.seleniumhq.jetty7.server.AbstractHttpConnection.handleRequest(AbstractHttpConnection.java:452)
	at org.seleniumhq.jetty7.server.BlockingHttpConnection.handleRequest(BlockingHttpConnection.java:47)
	at org.seleniumhq.jetty7.server.AbstractHttpConnection.content(AbstractHttpConnection.java:894)
	at org.seleniumhq.jetty7.server.AbstractHttpConnection$RequestHandler.content(AbstractHttpConnection.java:948)
	at org.seleniumhq.jetty7.http.HttpParser.parseNext(HttpParser.java:857)
	at org.seleniumhq.jetty7.http.HttpParser.parseAvailable(HttpParser.java:235)
	at org.seleniumhq.jetty7.server.BlockingHttpConnection.handle(BlockingHttpConnection.java:66)
	at org.seleniumhq.jetty7.server.bio.SocketConnector$ConnectorEndPoint.run(SocketConnector.java:254)
	at org.seleniumhq.jetty7.util.thread.QueuedThreadPool.runJob(QueuedThreadPool.java:599)
	at org.seleniumhq.jetty7.util.thread.QueuedThreadPool$3.run(QueuedThreadPool.java:534)
	at java.lang.Thread.run(Unknown Source)
... Removed 18 stack frames]]>
    </failure>
  </testcase> <!-- @BeforeTest setUp -->
  <testcase name="@AfterClass tearDown" time="0.0" classname="com.photon.phresco.testcases.JavaWebServiceTest">
    <skipped/>
  </testcase> <!-- @AfterClass tearDown -->
  <testcase name="testNavigationCategories" time="0.001" classname="com.photon.phresco.testcases.JavaWebServiceTest">
    <skipped/>
  </testcase> <!-- testNavigationCategories -->
  <testcase name="testNavigationCategories1" time="0.0" classname="com.photon.phresco.testcases.JavaWebServiceTest">
    <skipped/>
  </testcase> <!-- testNavigationCategories1 -->
  <testcase name="testNavigationCategories2" time="0.0" classname="com.photon.phresco.testcases.JavaWebServiceTest">
    <skipped/>
  </testcase> <!-- testNavigationCategories2 -->
  <testcase name="testNavigationCategories3" time="0.0" classname="com.photon.phresco.testcases.JavaWebServiceTest">
    <skipped/>
  </testcase> <!-- testNavigationCategories3 -->
  <testcase name="testNavigationNewproducts" time="0.0" classname="com.photon.phresco.testcases.JavaWebServiceTest">
    <skipped/>
  </testcase> <!-- testNavigationNewproducts -->
  <testcase name="testNavigationProducts" time="0.0" classname="com.photon.phresco.testcases.JavaWebServiceTest">
    <skipped/>
  </testcase> <!-- testNavigationProducts -->
  <testcase name="testNavigationSearchComputer" time="0.0" classname="com.photon.phresco.testcases.JavaWebServiceTest">
    <skipped/>
  </testcase> <!-- testNavigationSearchComputer -->
  <testcase name="testNavigationSearchMobile" time="0.0" classname="com.photon.phresco.testcases.JavaWebServiceTest">
    <skipped/>
  </testcase> <!-- testNavigationSearchMobile -->
  <testcase name="testNavigationSpecialproducts" time="0.001" classname="com.photon.phresco.testcases.JavaWebServiceTest">
    <skipped/>
  </testcase> <!-- testNavigationSpecialproducts -->
  <testcase name="testNavigationWelcomepage" time="0.0" classname="com.photon.phresco.testcases.JavaWebServiceTest">
    <skipped/>
  </testcase> <!-- testNavigationWelcomepage -->
  <testcase name="testRestApiCategories" time="0.0" classname="com.photon.phresco.testcases.JavaWebServiceTest">
    <skipped/>
  </testcase> <!-- testRestApiCategories -->
</testsuite> <!-- VerifyWelcomePageOnChrome -->
