<?xml version="1.0" encoding="UTF-8" ?>
<testsuite failures="3" time="14,102.787" errors="0" skipped="36" tests="39" name="TestSuite">
  <properties>
    <property name="java.runtime.name" value="Java(TM) SE Runtime Environment"/>
    <property name="sun.boot.library.path" value="C:\Program Files\Java\jdk1.7.0_51\jre\bin"/>
    <property name="java.vm.version" value="24.51-b03"/>
    <property name="java.vm.vendor" value="Oracle Corporation"/>
    <property name="java.vendor.url" value="http://java.oracle.com/"/>
    <property name="path.separator" value=";"/>
    <property name="guice.disable.misplaced.annotation.check" value="true"/>
    <property name="java.vm.name" value="Java HotSpot(TM) 64-Bit Server VM"/>
    <property name="file.encoding.pkg" value="sun.io"/>
    <property name="user.script" value=""/>
    <property name="user.country" value="US"/>
    <property name="sun.java.launcher" value="SUN_STANDARD"/>
    <property name="sun.os.patch.level" value=""/>
    <property name="java.vm.specification.name" value="Java Virtual Machine Specification"/>
    <property name="user.dir" value="C:\Users\varunkumar_s\workspace\projects\EshopTomcat\test\functional"/>
    <property name="java.runtime.version" value="1.7.0_51-b13"/>
    <property name="java.awt.graphicsenv" value="sun.awt.Win32GraphicsEnvironment"/>
    <property name="java.endorsed.dirs" value="C:\Program Files\Java\jdk1.7.0_51\jre\lib\endorsed"/>
    <property name="os.arch" value="amd64"/>
    <property name="java.io.tmpdir" value="C:\Users\VARUNK~1\AppData\Local\Temp\"/>
    <property name="line.separator" value="
"/>
    <property name="java.vm.specification.vendor" value="Oracle Corporation"/>
    <property name="user.variant" value=""/>
    <property name="os.name" value="Windows 8"/>
    <property name="classworlds.conf" value="D:\Varun Kumar\My Packages\Maven\apache-maven-3.2.1\bin\m2.conf"/>
    <property name="sun.jnu.encoding" value="Cp1252"/>
    <property name="java.library.path" value="C:\Program Files\Java\jdk1.7.0_51\bin;C:\Windows\Sun\Java\bin;C:\Windows\system32;C:\Windows;C:\Program Files (x86)\CollabNet Subversion Client;C:\Program Files\Java\jdk1.7.0_51;C:\Program Files\TortoiseGit\bin;C:\Program Files\TortoiseSVN\bin;C:\Program Files (x86)\nodejs\;D:\Varun Kumar\My Packages\Maven\apache-maven-3.2.1\bin;D:\Varun Kumar\My Packages\PortableGit-1.8.3\bin;D:\Varun Kumar\My Packages\Maven\apache-maven-3.2.1\bin;C:\Program Files\Java\jdk1.7.0_51;C:\Windows\System32;D:\android-sdk-windows\tools;D:\android-sdk-windows\platform-tools;D:\android-sdk-windows\build-tools;C:\Users\varunkumar_s\AppData\Roaming\npm;D:\Varun Kumar\My Packages\Jscoverage;C:\Users\varunkumar_s\workspace\tools\jenkins;C:\Users\varunkumar_s\workspace\tools\sonar-3.7.4;;."/>
    <property name="java.specification.name" value="Java Platform API Specification"/>
    <property name="java.class.version" value="51.0"/>
    <property name="sun.management.compiler" value="HotSpot 64-Bit Tiered Compilers"/>
    <property name="os.version" value="6.2"/>
    <property name="user.home" value="C:\Users\varunkumar_s"/>
    <property name="user.timezone" value="Asia/Calcutta"/>
    <property name="java.awt.printerjob" value="sun.awt.windows.WPrinterJob"/>
    <property name="java.specification.version" value="1.7"/>
    <property name="file.encoding" value="Cp1252"/>
    <property name="user.name" value="varunkumar_s"/>
    <property name="java.class.path" value="D:\Varun Kumar\My Packages\Maven\apache-maven-3.2.1\boot\plexus-classworlds-2.5.1.jar"/>
    <property name="org.slf4j.simpleLogger.defaultLogLevel" value="info"/>
    <property name="java.vm.specification.version" value="1.7"/>
    <property name="sun.arch.data.model" value="64"/>
    <property name="java.home" value="C:\Program Files\Java\jdk1.7.0_51\jre"/>
    <property name="sun.java.command" value="org.codehaus.plexus.classworlds.launcher.Launcher clean test"/>
    <property name="java.specification.vendor" value="Oracle Corporation"/>
    <property name="user.language" value="en"/>
    <property name="awt.toolkit" value="sun.awt.windows.WToolkit"/>
    <property name="java.vm.info" value="mixed mode"/>
    <property name="java.version" value="1.7.0_51"/>
    <property name="java.ext.dirs" value="C:\Program Files\Java\jdk1.7.0_51\jre\lib\ext;C:\Windows\Sun\Java\lib\ext"/>
    <property name="sun.boot.class.path" value="C:\Program Files\Java\jdk1.7.0_51\jre\lib\resources.jar;C:\Program Files\Java\jdk1.7.0_51\jre\lib\rt.jar;C:\Program Files\Java\jdk1.7.0_51\jre\lib\sunrsasign.jar;C:\Program Files\Java\jdk1.7.0_51\jre\lib\jsse.jar;C:\Program Files\Java\jdk1.7.0_51\jre\lib\jce.jar;C:\Program Files\Java\jdk1.7.0_51\jre\lib\charsets.jar;C:\Program Files\Java\jdk1.7.0_51\jre\lib\jfr.jar;C:\Program Files\Java\jdk1.7.0_51\jre\classes"/>
    <property name="java.vendor" value="Oracle Corporation"/>
    <property name="maven.home" value="D:\Varun Kumar\My Packages\Maven\apache-maven-3.2.1"/>
    <property name="file.separator" value="\"/>
    <property name="java.vendor.url.bug" value="http://bugreport.sun.com/bugreport/"/>
    <property name="sun.cpu.endian" value="little"/>
    <property name="sun.io.unicode.encoding" value="UnicodeLittle"/>
    <property name="sun.desktop" value="windows"/>
    <property name="sun.cpu.isalist" value="amd64"/>
  </properties>
  <testcase time="0.726" classname="com.photon.phresco.testcases.JavaWebServiceTest" name="setUp">
    <failure message="Error forwarding the new session cannot find : {platform=WINDOWS, browserName=htmlunit}
Command duration or timeout: 115 milliseconds
Build info: version: &apos;2.37.0&apos;, revision: &apos;a7c61cb&apos;, time: &apos;2013-10-18 17:14:00&apos;
System info: host: &apos;VARUNKUMAR_S&apos;, ip: &apos;172.16.27.142&apos;, os.name: &apos;Windows 8&apos;, os.arch: &apos;amd64&apos;, os.version: &apos;6.2&apos;, java.version: &apos;1.7.0_51&apos;
Driver info: org.openqa.selenium.remote.RemoteWebDriver" type="org.openqa.selenium.WebDriverException">org.openqa.selenium.WebDriverException: Error forwarding the new session cannot find : {platform=WINDOWS, browserName=htmlunit}
Command duration or timeout: 115 milliseconds
Build info: version: &apos;2.37.0&apos;, revision: &apos;a7c61cb&apos;, time: &apos;2013-10-18 17:14:00&apos;
System info: host: &apos;VARUNKUMAR_S&apos;, ip: &apos;172.16.27.142&apos;, os.name: &apos;Windows 8&apos;, os.arch: &apos;amd64&apos;, os.version: &apos;6.2&apos;, java.version: &apos;1.7.0_51&apos;
Driver info: org.openqa.selenium.remote.RemoteWebDriver
	at sun.reflect.NativeConstructorAccessorImpl.newInstance0(Native Method)
	at sun.reflect.NativeConstructorAccessorImpl.newInstance(NativeConstructorAccessorImpl.java:57)
	at sun.reflect.DelegatingConstructorAccessorImpl.newInstance(DelegatingConstructorAccessorImpl.java:45)
	at java.lang.reflect.Constructor.newInstance(Constructor.java:526)
	at org.openqa.selenium.remote.ErrorHandler.createThrowable(ErrorHandler.java:193)
	at org.openqa.selenium.remote.ErrorHandler.throwIfResponseFailed(ErrorHandler.java:145)
	at org.openqa.selenium.remote.RemoteWebDriver.execute(RemoteWebDriver.java:554)
	at org.openqa.selenium.remote.RemoteWebDriver.startSession(RemoteWebDriver.java:216)
	at org.openqa.selenium.remote.RemoteWebDriver.&lt;init&gt;(RemoteWebDriver.java:111)
	at org.openqa.selenium.remote.RemoteWebDriver.&lt;init&gt;(RemoteWebDriver.java:129)
	at com.photon.phresco.Screens.BaseScreen.instantiateBrowser(BaseScreen.java:187)
	at com.photon.phresco.Screens.BaseScreen.initialize(BaseScreen.java:88)
	at com.photon.phresco.Screens.WebDriverAbstractBaseScreen.&lt;init&gt;(WebDriverAbstractBaseScreen.java:87)
	at com.photon.phresco.Screens.PhotonAbstractScreen.&lt;init&gt;(PhotonAbstractScreen.java:54)
	at com.photon.phresco.Screens.WelcomeScreen.&lt;init&gt;(WelcomeScreen.java:34)
	at com.photon.phresco.testcases.JavaWebServiceTest.setUp(JavaWebServiceTest.java:69)
Caused by: org.openqa.grid.common.exception.GridException: Error forwarding the new session cannot find : {platform=WINDOWS, browserName=htmlunit}
	at org.openqa.grid.web.servlet.handler.RequestHandler.process(RequestHandler.java:112)
	at org.openqa.grid.web.servlet.DriverServlet.process(DriverServlet.java:84)
	at org.openqa.grid.web.servlet.DriverServlet.doPost(DriverServlet.java:68)
	at javax.servlet.http.HttpServlet.service(HttpServlet.java:727)
	at javax.servlet.http.HttpServlet.service(HttpServlet.java:820)
	at org.seleniumhq.jetty7.servlet.ServletHolder.handle(ServletHolder.java:565)
	at org.seleniumhq.jetty7.servlet.ServletHandler.doHandle(ServletHandler.java:479)
	at org.seleniumhq.jetty7.server.session.SessionHandler.doHandle(SessionHandler.java:225)
	at org.seleniumhq.jetty7.server.handler.ContextHandler.doHandle(ContextHandler.java:1031)
	at org.seleniumhq.jetty7.servlet.ServletHandler.doScope(ServletHandler.java:406)
	at org.seleniumhq.jetty7.server.session.SessionHandler.doScope(SessionHandler.java:186)
	at org.seleniumhq.jetty7.server.handler.ContextHandler.doScope(ContextHandler.java:965)
	at org.seleniumhq.jetty7.server.handler.ScopedHandler.handle(ScopedHandler.java:117)
	at org.seleniumhq.jetty7.server.handler.HandlerWrapper.handle(HandlerWrapper.java:111)
	at org.seleniumhq.jetty7.server.Server.handle(Server.java:349)
	at org.seleniumhq.jetty7.server.AbstractHttpConnection.handleRequest(AbstractHttpConnection.java:452)
	at org.seleniumhq.jetty7.server.BlockingHttpConnection.handleRequest(BlockingHttpConnection.java:47)
	at org.seleniumhq.jetty7.server.AbstractHttpConnection.content(AbstractHttpConnection.java:894)
	at org.seleniumhq.jetty7.server.AbstractHttpConnection$RequestHandler.content(AbstractHttpConnection.java:948)
	at org.seleniumhq.jetty7.http.HttpParser.parseNext(HttpParser.java:857)
	at org.seleniumhq.jetty7.http.HttpParser.parseAvailable(HttpParser.java:235)
	at org.seleniumhq.jetty7.server.BlockingHttpConnection.handle(BlockingHttpConnection.java:66)
	at org.seleniumhq.jetty7.server.bio.SocketConnector$ConnectorEndPoint.run(SocketConnector.java:254)
	at org.seleniumhq.jetty7.util.thread.QueuedThreadPool.runJob(QueuedThreadPool.java:599)
	at org.seleniumhq.jetty7.util.thread.QueuedThreadPool$3.run(QueuedThreadPool.java:534)
	at java.lang.Thread.run(Unknown Source)
</failure>
    <system-out>-----------------------
-----------------------
-----------------------
-----------------------
-----------------------
-----------------------
-----------------------
*********Reading Data from JavawebservicesData**********
-----------------------
*********Reading Data from JavawebservicesData**********
-----------------------
*********Reading Data from JavawebservicesData**********
-----------checking the HTML_UNIT_DRIVER-------
</system-out>
    <system-err>Sep 04, 2014 8:04:34 PM com.photon.phresco.uiconstants.ReadXMLFile &lt;init&gt;
INFO: @ReadXMLFile Constructor::loading *****PhrescoUIConstants******
Sep 04, 2014 8:04:34 PM com.photon.phresco.uiconstants.ReadXMLFile &lt;init&gt;
INFO: @ReadXMLFile Constructor::loading *****PhrescoUIConstants******
Sep 04, 2014 8:04:34 PM com.photon.phresco.uiconstants.ReadXMLFile &lt;init&gt;
INFO: @ReadXMLFile Constructor::loading *****PhrescoUIConstants******
Sep 04, 2014 8:04:34 PM com.photon.phresco.uiconstants.ReadXMLFile &lt;init&gt;
INFO: @ReadXMLFile Constructor::loading *****PhrescoUIConstants******
Sep 04, 2014 8:04:34 PM com.photon.phresco.uiconstants.ReadXMLFile &lt;init&gt;
INFO: @ReadXMLFile Constructor::loading *****PhrescoUIConstants******
Sep 04, 2014 8:04:34 PM com.photon.phresco.uiconstants.ReadXMLFile &lt;init&gt;
INFO: @ReadXMLFile Constructor::loading *****PhrescoUIConstants******
Sep 04, 2014 8:04:34 PM com.photon.phresco.Screens.WebDriverAbstractBaseScreen &lt;init&gt;
INFO: Entering:********WebDriverAbstractBaseScreen parameter Constructor********
Sep 04, 2014 8:04:34 PM com.photon.phresco.Screens.WebDriverAbstractBaseScreen &lt;init&gt;
INFO: Entering:********WebDriverAbstractBaseScreen parameter Constructor********
Sep 04, 2014 8:04:34 PM com.photon.phresco.Screens.BaseScreen instantiateBrowser
INFO: -------------***LAUNCHING GOOGLECHROME***--------------
Sep 04, 2014 8:04:34 PM com.photon.phresco.Screens.WebDriverAbstractBaseScreen &lt;init&gt;
INFO: Entering:********WebDriverAbstractBaseScreen parameter Constructor********
Sep 04, 2014 8:04:34 PM com.photon.phresco.Screens.BaseScreen instantiateBrowser
INFO: -------------***LAUNCHING FIREFOX***--------------
Sep 04, 2014 8:04:34 PM com.photon.phresco.Screens.BaseScreen instantiateBrowser
INFO: -------------***HTML_UNIT_DRIVER***--------------
</system-err>
  </testcase>
  <testcase time="0.729" classname="com.photon.phresco.testcases.JavaWebServiceTest" name="setUp">
    <failure message="Error forwarding the new session cannot find : {platform=WINDOWS, browserName=chrome}
Command duration or timeout: 114 milliseconds
Build info: version: &apos;2.37.0&apos;, revision: &apos;a7c61cb&apos;, time: &apos;2013-10-18 17:14:00&apos;
System info: host: &apos;VARUNKUMAR_S&apos;, ip: &apos;172.16.27.142&apos;, os.name: &apos;Windows 8&apos;, os.arch: &apos;amd64&apos;, os.version: &apos;6.2&apos;, java.version: &apos;1.7.0_51&apos;
Driver info: org.openqa.selenium.remote.RemoteWebDriver" type="org.openqa.selenium.WebDriverException">org.openqa.selenium.WebDriverException: Error forwarding the new session cannot find : {platform=WINDOWS, browserName=chrome}
Command duration or timeout: 114 milliseconds
Build info: version: &apos;2.37.0&apos;, revision: &apos;a7c61cb&apos;, time: &apos;2013-10-18 17:14:00&apos;
System info: host: &apos;VARUNKUMAR_S&apos;, ip: &apos;172.16.27.142&apos;, os.name: &apos;Windows 8&apos;, os.arch: &apos;amd64&apos;, os.version: &apos;6.2&apos;, java.version: &apos;1.7.0_51&apos;
Driver info: org.openqa.selenium.remote.RemoteWebDriver
	at sun.reflect.NativeConstructorAccessorImpl.newInstance0(Native Method)
	at sun.reflect.NativeConstructorAccessorImpl.newInstance(NativeConstructorAccessorImpl.java:57)
	at sun.reflect.DelegatingConstructorAccessorImpl.newInstance(DelegatingConstructorAccessorImpl.java:45)
	at java.lang.reflect.Constructor.newInstance(Constructor.java:526)
	at org.openqa.selenium.remote.ErrorHandler.createThrowable(ErrorHandler.java:193)
	at org.openqa.selenium.remote.ErrorHandler.throwIfResponseFailed(ErrorHandler.java:145)
	at org.openqa.selenium.remote.RemoteWebDriver.execute(RemoteWebDriver.java:554)
	at org.openqa.selenium.remote.RemoteWebDriver.startSession(RemoteWebDriver.java:216)
	at org.openqa.selenium.remote.RemoteWebDriver.&lt;init&gt;(RemoteWebDriver.java:111)
	at org.openqa.selenium.remote.RemoteWebDriver.&lt;init&gt;(RemoteWebDriver.java:129)
	at com.photon.phresco.Screens.BaseScreen.instantiateBrowser(BaseScreen.java:187)
	at com.photon.phresco.Screens.BaseScreen.initialize(BaseScreen.java:88)
	at com.photon.phresco.Screens.WebDriverAbstractBaseScreen.&lt;init&gt;(WebDriverAbstractBaseScreen.java:87)
	at com.photon.phresco.Screens.PhotonAbstractScreen.&lt;init&gt;(PhotonAbstractScreen.java:54)
	at com.photon.phresco.Screens.WelcomeScreen.&lt;init&gt;(WelcomeScreen.java:34)
	at com.photon.phresco.testcases.JavaWebServiceTest.setUp(JavaWebServiceTest.java:69)
Caused by: org.openqa.grid.common.exception.GridException: Error forwarding the new session cannot find : {platform=WINDOWS, browserName=chrome}
	at org.openqa.grid.web.servlet.handler.RequestHandler.process(RequestHandler.java:112)
	at org.openqa.grid.web.servlet.DriverServlet.process(DriverServlet.java:84)
	at org.openqa.grid.web.servlet.DriverServlet.doPost(DriverServlet.java:68)
	at javax.servlet.http.HttpServlet.service(HttpServlet.java:727)
	at javax.servlet.http.HttpServlet.service(HttpServlet.java:820)
	at org.seleniumhq.jetty7.servlet.ServletHolder.handle(ServletHolder.java:565)
	at org.seleniumhq.jetty7.servlet.ServletHandler.doHandle(ServletHandler.java:479)
	at org.seleniumhq.jetty7.server.session.SessionHandler.doHandle(SessionHandler.java:225)
	at org.seleniumhq.jetty7.server.handler.ContextHandler.doHandle(ContextHandler.java:1031)
	at org.seleniumhq.jetty7.servlet.ServletHandler.doScope(ServletHandler.java:406)
	at org.seleniumhq.jetty7.server.session.SessionHandler.doScope(SessionHandler.java:186)
	at org.seleniumhq.jetty7.server.handler.ContextHandler.doScope(ContextHandler.java:965)
	at org.seleniumhq.jetty7.server.handler.ScopedHandler.handle(ScopedHandler.java:117)
	at org.seleniumhq.jetty7.server.handler.HandlerWrapper.handle(HandlerWrapper.java:111)
	at org.seleniumhq.jetty7.server.Server.handle(Server.java:349)
	at org.seleniumhq.jetty7.server.AbstractHttpConnection.handleRequest(AbstractHttpConnection.java:452)
	at org.seleniumhq.jetty7.server.BlockingHttpConnection.handleRequest(BlockingHttpConnection.java:47)
	at org.seleniumhq.jetty7.server.AbstractHttpConnection.content(AbstractHttpConnection.java:894)
	at org.seleniumhq.jetty7.server.AbstractHttpConnection$RequestHandler.content(AbstractHttpConnection.java:948)
	at org.seleniumhq.jetty7.http.HttpParser.parseNext(HttpParser.java:857)
	at org.seleniumhq.jetty7.http.HttpParser.parseAvailable(HttpParser.java:235)
	at org.seleniumhq.jetty7.server.BlockingHttpConnection.handle(BlockingHttpConnection.java:66)
	at org.seleniumhq.jetty7.server.bio.SocketConnector$ConnectorEndPoint.run(SocketConnector.java:254)
	at org.seleniumhq.jetty7.util.thread.QueuedThreadPool.runJob(QueuedThreadPool.java:599)
	at org.seleniumhq.jetty7.util.thread.QueuedThreadPool$3.run(QueuedThreadPool.java:534)
	at java.lang.Thread.run(Unknown Source)
</failure>
  </testcase>
  <testcase time="0" classname="com.photon.phresco.testcases.JavaWebServiceTest" name="testNavigationCategories">
    <skipped/>
  </testcase>
  <testcase time="0" classname="com.photon.phresco.testcases.JavaWebServiceTest" name="testNavigationCategories">
    <skipped/>
  </testcase>
  <testcase time="0" classname="com.photon.phresco.testcases.JavaWebServiceTest" name="testNavigationCategories1">
    <skipped/>
  </testcase>
  <testcase time="0" classname="com.photon.phresco.testcases.JavaWebServiceTest" name="testNavigationCategories1">
    <skipped/>
  </testcase>
  <testcase time="0" classname="com.photon.phresco.testcases.JavaWebServiceTest" name="testNavigationCategories2">
    <skipped/>
  </testcase>
  <testcase time="0" classname="com.photon.phresco.testcases.JavaWebServiceTest" name="testNavigationCategories3">
    <skipped/>
  </testcase>
  <testcase time="0" classname="com.photon.phresco.testcases.JavaWebServiceTest" name="testNavigationCategories2">
    <skipped/>
  </testcase>
  <testcase time="0" classname="com.photon.phresco.testcases.JavaWebServiceTest" name="testNavigationCategories3">
    <skipped/>
  </testcase>
  <testcase time="0" classname="com.photon.phresco.testcases.JavaWebServiceTest" name="testNavigationNewproducts">
    <skipped/>
  </testcase>
  <testcase time="0" classname="com.photon.phresco.testcases.JavaWebServiceTest" name="testNavigationProducts">
    <skipped/>
  </testcase>
  <testcase time="0" classname="com.photon.phresco.testcases.JavaWebServiceTest" name="testNavigationSearchComputer">
    <skipped/>
  </testcase>
  <testcase time="0" classname="com.photon.phresco.testcases.JavaWebServiceTest" name="testNavigationNewproducts">
    <skipped/>
  </testcase>
  <testcase time="0" classname="com.photon.phresco.testcases.JavaWebServiceTest" name="testNavigationSearchMobile">
    <skipped/>
  </testcase>
  <testcase time="0" classname="com.photon.phresco.testcases.JavaWebServiceTest" name="testNavigationSpecialproducts">
    <skipped/>
  </testcase>
  <testcase time="0" classname="com.photon.phresco.testcases.JavaWebServiceTest" name="testNavigationWelcomepage">
    <skipped/>
  </testcase>
  <testcase time="0" classname="com.photon.phresco.testcases.JavaWebServiceTest" name="testRestApiCategories">
    <skipped/>
  </testcase>
  <testcase time="0" classname="com.photon.phresco.testcases.JavaWebServiceTest" name="tearDown">
    <skipped/>
  </testcase>
  <testcase time="0" classname="com.photon.phresco.testcases.JavaWebServiceTest" name="testNavigationProducts">
    <skipped/>
  </testcase>
  <testcase time="0" classname="com.photon.phresco.testcases.JavaWebServiceTest" name="testNavigationSearchComputer">
    <skipped/>
  </testcase>
  <testcase time="0" classname="com.photon.phresco.testcases.JavaWebServiceTest" name="testNavigationSearchMobile">
    <skipped/>
  </testcase>
  <testcase time="0" classname="com.photon.phresco.testcases.JavaWebServiceTest" name="testNavigationSpecialproducts">
    <skipped/>
  </testcase>
  <testcase time="0" classname="com.photon.phresco.testcases.JavaWebServiceTest" name="testNavigationWelcomepage">
    <skipped/>
  </testcase>
  <testcase time="0" classname="com.photon.phresco.testcases.JavaWebServiceTest" name="testRestApiCategories">
    <skipped/>
  </testcase>
  <testcase time="0" classname="com.photon.phresco.testcases.JavaWebServiceTest" name="tearDown">
    <skipped/>
  </testcase>
  <testcase time="14,101.332" classname="com.photon.phresco.testcases.JavaWebServiceTest" name="setUp">
    <failure message="Could not start a new session. Possible causes are invalid address of the remote server or browser start-up failure.
Build info: version: &apos;2.37.0&apos;, revision: &apos;a7c61cb&apos;, time: &apos;2013-10-18 17:14:00&apos;
System info: host: &apos;VARUNKUMAR_S&apos;, ip: &apos;172.16.27.142&apos;, os.name: &apos;Windows 8&apos;, os.arch: &apos;amd64&apos;, os.version: &apos;6.2&apos;, java.version: &apos;1.7.0_51&apos;
Driver info: driver.version: RemoteWebDriver" type="org.openqa.selenium.remote.UnreachableBrowserException">org.openqa.selenium.remote.UnreachableBrowserException: Could not start a new session. Possible causes are invalid address of the remote server or browser start-up failure.
Build info: version: &apos;2.37.0&apos;, revision: &apos;a7c61cb&apos;, time: &apos;2013-10-18 17:14:00&apos;
System info: host: &apos;VARUNKUMAR_S&apos;, ip: &apos;172.16.27.142&apos;, os.name: &apos;Windows 8&apos;, os.arch: &apos;amd64&apos;, os.version: &apos;6.2&apos;, java.version: &apos;1.7.0_51&apos;
Driver info: driver.version: RemoteWebDriver
	at org.openqa.selenium.remote.RemoteWebDriver.execute(RemoteWebDriver.java:548)
	at org.openqa.selenium.remote.RemoteWebDriver.startSession(RemoteWebDriver.java:216)
	at org.openqa.selenium.remote.RemoteWebDriver.&lt;init&gt;(RemoteWebDriver.java:111)
	at org.openqa.selenium.remote.RemoteWebDriver.&lt;init&gt;(RemoteWebDriver.java:129)
	at com.photon.phresco.Screens.BaseScreen.instantiateBrowser(BaseScreen.java:187)
	at com.photon.phresco.Screens.BaseScreen.initialize(BaseScreen.java:88)
	at com.photon.phresco.Screens.WebDriverAbstractBaseScreen.&lt;init&gt;(WebDriverAbstractBaseScreen.java:87)
	at com.photon.phresco.Screens.PhotonAbstractScreen.&lt;init&gt;(PhotonAbstractScreen.java:54)
	at com.photon.phresco.Screens.WelcomeScreen.&lt;init&gt;(WelcomeScreen.java:34)
	at com.photon.phresco.testcases.JavaWebServiceTest.setUp(JavaWebServiceTest.java:69)
Caused by: java.net.SocketTimeoutException: Read timed out
	at java.net.SocketInputStream.socketRead0(Native Method)
	at java.net.SocketInputStream.read(SocketInputStream.java:152)
	at java.net.SocketInputStream.read(SocketInputStream.java:122)
	at org.apache.http.impl.io.AbstractSessionInputBuffer.fillBuffer(AbstractSessionInputBuffer.java:160)
	at org.apache.http.impl.io.SocketInputBuffer.fillBuffer(SocketInputBuffer.java:84)
	at org.apache.http.impl.io.AbstractSessionInputBuffer.readLine(AbstractSessionInputBuffer.java:273)
	at org.apache.http.impl.conn.DefaultHttpResponseParser.parseHead(DefaultHttpResponseParser.java:140)
	at org.apache.http.impl.conn.DefaultHttpResponseParser.parseHead(DefaultHttpResponseParser.java:57)
	at org.apache.http.impl.io.AbstractMessageParser.parse(AbstractMessageParser.java:260)
	at org.apache.http.impl.AbstractHttpClientConnection.receiveResponseHeader(AbstractHttpClientConnection.java:283)
	at org.apache.http.impl.conn.DefaultClientConnection.receiveResponseHeader(DefaultClientConnection.java:251)
	at org.apache.http.impl.conn.AbstractClientConnAdapter.receiveResponseHeader(AbstractClientConnAdapter.java:223)
	at org.apache.http.protocol.HttpRequestExecutor.doReceiveResponse(HttpRequestExecutor.java:271)
	at org.apache.http.protocol.HttpRequestExecutor.execute(HttpRequestExecutor.java:123)
	at org.apache.http.impl.client.DefaultRequestDirector.tryExecute(DefaultRequestDirector.java:682)
	at org.apache.http.impl.client.DefaultRequestDirector.execute(DefaultRequestDirector.java:486)
	at org.apache.http.impl.client.AbstractHttpClient.doExecute(AbstractHttpClient.java:863)
	at org.apache.http.impl.client.CloseableHttpClient.execute(CloseableHttpClient.java:72)
	at org.apache.http.impl.client.CloseableHttpClient.execute(CloseableHttpClient.java:57)
	at org.openqa.selenium.remote.HttpCommandExecutor.fallBackExecute(HttpCommandExecutor.java:319)
	at org.openqa.selenium.remote.HttpCommandExecutor.execute(HttpCommandExecutor.java:298)
	at org.openqa.selenium.remote.RemoteWebDriver.execute(RemoteWebDriver.java:527)
	... 27 more
</failure>
  </testcase>
  <testcase time="0" classname="com.photon.phresco.testcases.JavaWebServiceTest" name="testNavigationCategories">
    <skipped/>
  </testcase>
  <testcase time="0" classname="com.photon.phresco.testcases.JavaWebServiceTest" name="testNavigationCategories1">
    <skipped/>
  </testcase>
  <testcase time="0" classname="com.photon.phresco.testcases.JavaWebServiceTest" name="testNavigationCategories2">
    <skipped/>
  </testcase>
  <testcase time="0" classname="com.photon.phresco.testcases.JavaWebServiceTest" name="testNavigationCategories3">
    <skipped/>
  </testcase>
  <testcase time="0" classname="com.photon.phresco.testcases.JavaWebServiceTest" name="testNavigationNewproducts">
    <skipped/>
  </testcase>
  <testcase time="0" classname="com.photon.phresco.testcases.JavaWebServiceTest" name="testNavigationProducts">
    <skipped/>
  </testcase>
  <testcase time="0" classname="com.photon.phresco.testcases.JavaWebServiceTest" name="testNavigationSearchComputer">
    <skipped/>
  </testcase>
  <testcase time="0" classname="com.photon.phresco.testcases.JavaWebServiceTest" name="testNavigationSearchMobile">
    <skipped/>
  </testcase>
  <testcase time="0" classname="com.photon.phresco.testcases.JavaWebServiceTest" name="testNavigationSpecialproducts">
    <skipped/>
  </testcase>
  <testcase time="0" classname="com.photon.phresco.testcases.JavaWebServiceTest" name="testNavigationWelcomepage">
    <skipped/>
  </testcase>
  <testcase time="0" classname="com.photon.phresco.testcases.JavaWebServiceTest" name="testRestApiCategories">
    <skipped/>
  </testcase>
  <testcase time="0" classname="com.photon.phresco.testcases.JavaWebServiceTest" name="tearDown">
    <skipped/>
  </testcase>
</testsuite>