<?xml version="1.0" encoding="UTF-8"?>
<testng-results skipped="33" failed="0" total="33" passed="0">
  <reporter-output>
  </reporter-output>
  <suite name="WelcomePageTestSuite" duration-ms="14101797" started-at="2014-09-04T20:04:34Z" finished-at="2014-09-04T23:59:36Z">
    <groups>
    </groups>
    <test name="VerifyWelcomePageOnChrome" duration-ms="462" started-at="2014-09-04T20:04:34Z" finished-at="2014-09-04T20:04:34Z">
      <class name="com.photon.phresco.testcases.JavaWebServiceTest">
        <test-method status="FAIL" signature="setUp(java.lang.String, java.lang.String)[pri:0, instance:com.photon.phresco.testcases.JavaWebServiceTest@37fe883b]" name="setUp" is-config="true" duration-ms="0" started-at="2014-09-04T20:04:34Z" finished-at="2014-09-04T20:04:34Z">
          <params>
            <param index="0">
              <value>
                <![CDATA[googlechrome]]>
              </value>
            </param>
            <param index="1">
              <value>
                <![CDATA[WINDOWS]]>
              </value>
            </param>
          </params>
          <exception class="org.openqa.selenium.WebDriverException">
            <message>
              <![CDATA[Error forwarding the new session cannot find : {platform=WINDOWS, browserName=chrome}
Command duration or timeout: 114 milliseconds
Build info: version: '2.37.0', revision: 'a7c61cb', time: '2013-10-18 17:14:00'
System info: host: 'VARUNKUMAR_S', ip: '172.16.27.142', os.name: 'Windows 8', os.arch: 'amd64', os.version: '6.2', java.version: '1.7.0_51'
Driver info: org.openqa.selenium.remote.RemoteWebDriver]]>
            </message>
            <full-stacktrace>
              <![CDATA[org.openqa.selenium.WebDriverException: Error forwarding the new session cannot find : {platform=WINDOWS, browserName=chrome}
Command duration or timeout: 114 milliseconds
Build info: version: '2.37.0', revision: 'a7c61cb', time: '2013-10-18 17:14:00'
System info: host: 'VARUNKUMAR_S', ip: '172.16.27.142', os.name: 'Windows 8', os.arch: 'amd64', os.version: '6.2', java.version: '1.7.0_51'
Driver info: org.openqa.selenium.remote.RemoteWebDriver
	at sun.reflect.NativeConstructorAccessorImpl.newInstance0(Native Method)
	at sun.reflect.NativeConstructorAccessorImpl.newInstance(NativeConstructorAccessorImpl.java:57)
	at sun.reflect.DelegatingConstructorAccessorImpl.newInstance(DelegatingConstructorAccessorImpl.java:45)
	at java.lang.reflect.Constructor.newInstance(Constructor.java:526)
	at org.openqa.selenium.remote.ErrorHandler.createThrowable(ErrorHandler.java:193)
	at org.openqa.selenium.remote.ErrorHandler.throwIfResponseFailed(ErrorHandler.java:145)
	at org.openqa.selenium.remote.RemoteWebDriver.execute(RemoteWebDriver.java:554)
	at org.openqa.selenium.remote.RemoteWebDriver.startSession(RemoteWebDriver.java:216)
	at org.openqa.selenium.remote.RemoteWebDriver.<init>(RemoteWebDriver.java:111)
	at org.openqa.selenium.remote.RemoteWebDriver.<init>(RemoteWebDriver.java:129)
	at com.photon.phresco.Screens.BaseScreen.instantiateBrowser(BaseScreen.java:187)
	at com.photon.phresco.Screens.BaseScreen.initialize(BaseScreen.java:88)
	at com.photon.phresco.Screens.WebDriverAbstractBaseScreen.<init>(WebDriverAbstractBaseScreen.java:87)
	at com.photon.phresco.Screens.PhotonAbstractScreen.<init>(PhotonAbstractScreen.java:54)
	at com.photon.phresco.Screens.WelcomeScreen.<init>(WelcomeScreen.java:34)
	at com.photon.phresco.testcases.JavaWebServiceTest.setUp(JavaWebServiceTest.java:69)
	at sun.reflect.NativeMethodAccessorImpl.invoke0(Native Method)
	at sun.reflect.NativeMethodAccessorImpl.invoke(NativeMethodAccessorImpl.java:57)
	at sun.reflect.DelegatingMethodAccessorImpl.invoke(DelegatingMethodAccessorImpl.java:43)
	at java.lang.reflect.Method.invoke(Method.java:606)
	at org.testng.internal.MethodInvocationHelper.invokeMethod(MethodInvocationHelper.java:80)
	at org.testng.internal.Invoker.invokeConfigurationMethod(Invoker.java:551)
	at org.testng.internal.Invoker.invokeConfigurations(Invoker.java:213)
	at org.testng.internal.Invoker.invokeConfigurations(Invoker.java:138)
	at org.testng.TestRunner.beforeRun(TestRunner.java:641)
	at org.testng.TestRunner.run(TestRunner.java:609)
	at org.testng.SuiteRunner.runTest(SuiteRunner.java:334)
	at org.testng.SuiteRunner.access$000(SuiteRunner.java:37)
	at org.testng.SuiteRunner$SuiteWorker.run(SuiteRunner.java:368)
	at org.testng.internal.thread.ThreadUtil$2.call(ThreadUtil.java:64)
	at java.util.concurrent.FutureTask.run(FutureTask.java:262)
	at java.util.concurrent.ThreadPoolExecutor.runWorker(ThreadPoolExecutor.java:1145)
	at java.util.concurrent.ThreadPoolExecutor$Worker.run(ThreadPoolExecutor.java:615)
	at java.lang.Thread.run(Thread.java:744)
Caused by: org.openqa.grid.common.exception.GridException: Error forwarding the new session cannot find : {platform=WINDOWS, browserName=chrome}
	at org.openqa.grid.web.servlet.handler.RequestHandler.process(RequestHandler.java:112)
	at org.openqa.grid.web.servlet.DriverServlet.process(DriverServlet.java:84)
	at org.openqa.grid.web.servlet.DriverServlet.doPost(DriverServlet.java:68)
	at javax.servlet.http.HttpServlet.service(HttpServlet.java:727)
	at javax.servlet.http.HttpServlet.service(HttpServlet.java:820)
	at org.seleniumhq.jetty7.servlet.ServletHolder.handle(ServletHolder.java:565)
	at org.seleniumhq.jetty7.servlet.ServletHandler.doHandle(ServletHandler.java:479)
	at org.seleniumhq.jetty7.server.session.SessionHandler.doHandle(SessionHandler.java:225)
	at org.seleniumhq.jetty7.server.handler.ContextHandler.doHandle(ContextHandler.java:1031)
	at org.seleniumhq.jetty7.servlet.ServletHandler.doScope(ServletHandler.java:406)
	at org.seleniumhq.jetty7.server.session.SessionHandler.doScope(SessionHandler.java:186)
	at org.seleniumhq.jetty7.server.handler.ContextHandler.doScope(ContextHandler.java:965)
	at org.seleniumhq.jetty7.server.handler.ScopedHandler.handle(ScopedHandler.java:117)
	at org.seleniumhq.jetty7.server.handler.HandlerWrapper.handle(HandlerWrapper.java:111)
	at org.seleniumhq.jetty7.server.Server.handle(Server.java:349)
	at org.seleniumhq.jetty7.server.AbstractHttpConnection.handleRequest(AbstractHttpConnection.java:452)
	at org.seleniumhq.jetty7.server.BlockingHttpConnection.handleRequest(BlockingHttpConnection.java:47)
	at org.seleniumhq.jetty7.server.AbstractHttpConnection.content(AbstractHttpConnection.java:894)
	at org.seleniumhq.jetty7.server.AbstractHttpConnection$RequestHandler.content(AbstractHttpConnection.java:948)
	at org.seleniumhq.jetty7.http.HttpParser.parseNext(HttpParser.java:857)
	at org.seleniumhq.jetty7.http.HttpParser.parseAvailable(HttpParser.java:235)
	at org.seleniumhq.jetty7.server.BlockingHttpConnection.handle(BlockingHttpConnection.java:66)
	at org.seleniumhq.jetty7.server.bio.SocketConnector$ConnectorEndPoint.run(SocketConnector.java:254)
	at org.seleniumhq.jetty7.util.thread.QueuedThreadPool.runJob(QueuedThreadPool.java:599)
	at org.seleniumhq.jetty7.util.thread.QueuedThreadPool$3.run(QueuedThreadPool.java:534)
	at java.lang.Thread.run(Unknown Source)
]]>
            </full-stacktrace>
          </exception> <!-- org.openqa.selenium.WebDriverException -->
        </test-method> <!-- setUp -->
        <test-method status="SKIP" signature="testNavigationCategories()[pri:0, instance:com.photon.phresco.testcases.JavaWebServiceTest@37fe883b]" name="testNavigationCategories" duration-ms="1" started-at="2014-09-04T20:04:34Z" finished-at="2014-09-04T20:04:34Z">
        </test-method> <!-- testNavigationCategories -->
        <test-method status="SKIP" signature="testNavigationCategories2()[pri:0, instance:com.photon.phresco.testcases.JavaWebServiceTest@37fe883b]" name="testNavigationCategories2" duration-ms="0" started-at="2014-09-04T20:04:34Z" finished-at="2014-09-04T20:04:34Z">
        </test-method> <!-- testNavigationCategories2 -->
        <test-method status="SKIP" signature="testNavigationCategories1()[pri:0, instance:com.photon.phresco.testcases.JavaWebServiceTest@37fe883b]" name="testNavigationCategories1" duration-ms="0" started-at="2014-09-04T20:04:34Z" finished-at="2014-09-04T20:04:34Z">
        </test-method> <!-- testNavigationCategories1 -->
        <test-method status="SKIP" signature="testNavigationCategories3()[pri:0, instance:com.photon.phresco.testcases.JavaWebServiceTest@37fe883b]" name="testNavigationCategories3" duration-ms="0" started-at="2014-09-04T20:04:34Z" finished-at="2014-09-04T20:04:34Z">
        </test-method> <!-- testNavigationCategories3 -->
        <test-method status="SKIP" signature="testNavigationNewproducts()[pri:0, instance:com.photon.phresco.testcases.JavaWebServiceTest@37fe883b]" name="testNavigationNewproducts" duration-ms="0" started-at="2014-09-04T20:04:34Z" finished-at="2014-09-04T20:04:34Z">
        </test-method> <!-- testNavigationNewproducts -->
        <test-method status="SKIP" signature="testNavigationSpecialproducts()[pri:0, instance:com.photon.phresco.testcases.JavaWebServiceTest@37fe883b]" name="testNavigationSpecialproducts" duration-ms="1" started-at="2014-09-04T20:04:34Z" finished-at="2014-09-04T20:04:34Z">
        </test-method> <!-- testNavigationSpecialproducts -->
        <test-method status="SKIP" signature="testNavigationProducts()[pri:0, instance:com.photon.phresco.testcases.JavaWebServiceTest@37fe883b]" name="testNavigationProducts" duration-ms="0" started-at="2014-09-04T20:04:34Z" finished-at="2014-09-04T20:04:34Z">
        </test-method> <!-- testNavigationProducts -->
        <test-method status="SKIP" signature="testNavigationSearchMobile()[pri:0, instance:com.photon.phresco.testcases.JavaWebServiceTest@37fe883b]" name="testNavigationSearchMobile" duration-ms="0" started-at="2014-09-04T20:04:34Z" finished-at="2014-09-04T20:04:34Z">
        </test-method> <!-- testNavigationSearchMobile -->
        <test-method status="SKIP" signature="testNavigationSearchComputer()[pri:0, instance:com.photon.phresco.testcases.JavaWebServiceTest@37fe883b]" name="testNavigationSearchComputer" duration-ms="0" started-at="2014-09-04T20:04:34Z" finished-at="2014-09-04T20:04:34Z">
        </test-method> <!-- testNavigationSearchComputer -->
        <test-method status="SKIP" signature="tearDown()[pri:0, instance:com.photon.phresco.testcases.JavaWebServiceTest@37fe883b]" name="tearDown" is-config="true" duration-ms="0" started-at="2014-09-04T20:04:34Z" finished-at="2014-09-04T20:04:34Z">
        </test-method> <!-- tearDown -->
        <test-method status="SKIP" signature="testRestApiCategories()[pri:0, instance:com.photon.phresco.testcases.JavaWebServiceTest@37fe883b]" name="testRestApiCategories" duration-ms="0" started-at="2014-09-04T20:04:34Z" finished-at="2014-09-04T20:04:34Z">
        </test-method> <!-- testRestApiCategories -->
        <test-method status="SKIP" signature="testNavigationWelcomepage()[pri:0, instance:com.photon.phresco.testcases.JavaWebServiceTest@37fe883b]" name="testNavigationWelcomepage" duration-ms="0" started-at="2014-09-04T20:04:34Z" finished-at="2014-09-04T20:04:34Z">
        </test-method> <!-- testNavigationWelcomepage -->
      </class> <!-- com.photon.phresco.testcases.JavaWebServiceTest -->
    </test> <!-- VerifyWelcomePageOnChrome -->
    <test name="VerifyWelcomePageOnHTMLUnit" duration-ms="455" started-at="2014-09-04T20:04:34Z" finished-at="2014-09-04T20:04:34Z">
      <class name="com.photon.phresco.testcases.JavaWebServiceTest">
        <test-method status="FAIL" signature="setUp(java.lang.String, java.lang.String)[pri:0, instance:com.photon.phresco.testcases.JavaWebServiceTest@b25e0fe]" name="setUp" is-config="true" duration-ms="0" started-at="2014-09-04T20:04:34Z" finished-at="2014-09-04T20:04:34Z">
          <params>
            <param index="0">
              <value>
                <![CDATA[htmlunit]]>
              </value>
            </param>
            <param index="1">
              <value>
                <![CDATA[WINDOWS]]>
              </value>
            </param>
          </params>
          <exception class="org.openqa.selenium.WebDriverException">
            <message>
              <![CDATA[Error forwarding the new session cannot find : {platform=WINDOWS, browserName=htmlunit}
Command duration or timeout: 115 milliseconds
Build info: version: '2.37.0', revision: 'a7c61cb', time: '2013-10-18 17:14:00'
System info: host: 'VARUNKUMAR_S', ip: '172.16.27.142', os.name: 'Windows 8', os.arch: 'amd64', os.version: '6.2', java.version: '1.7.0_51'
Driver info: org.openqa.selenium.remote.RemoteWebDriver]]>
            </message>
            <full-stacktrace>
              <![CDATA[org.openqa.selenium.WebDriverException: Error forwarding the new session cannot find : {platform=WINDOWS, browserName=htmlunit}
Command duration or timeout: 115 milliseconds
Build info: version: '2.37.0', revision: 'a7c61cb', time: '2013-10-18 17:14:00'
System info: host: 'VARUNKUMAR_S', ip: '172.16.27.142', os.name: 'Windows 8', os.arch: 'amd64', os.version: '6.2', java.version: '1.7.0_51'
Driver info: org.openqa.selenium.remote.RemoteWebDriver
	at sun.reflect.NativeConstructorAccessorImpl.newInstance0(Native Method)
	at sun.reflect.NativeConstructorAccessorImpl.newInstance(NativeConstructorAccessorImpl.java:57)
	at sun.reflect.DelegatingConstructorAccessorImpl.newInstance(DelegatingConstructorAccessorImpl.java:45)
	at java.lang.reflect.Constructor.newInstance(Constructor.java:526)
	at org.openqa.selenium.remote.ErrorHandler.createThrowable(ErrorHandler.java:193)
	at org.openqa.selenium.remote.ErrorHandler.throwIfResponseFailed(ErrorHandler.java:145)
	at org.openqa.selenium.remote.RemoteWebDriver.execute(RemoteWebDriver.java:554)
	at org.openqa.selenium.remote.RemoteWebDriver.startSession(RemoteWebDriver.java:216)
	at org.openqa.selenium.remote.RemoteWebDriver.<init>(RemoteWebDriver.java:111)
	at org.openqa.selenium.remote.RemoteWebDriver.<init>(RemoteWebDriver.java:129)
	at com.photon.phresco.Screens.BaseScreen.instantiateBrowser(BaseScreen.java:187)
	at com.photon.phresco.Screens.BaseScreen.initialize(BaseScreen.java:88)
	at com.photon.phresco.Screens.WebDriverAbstractBaseScreen.<init>(WebDriverAbstractBaseScreen.java:87)
	at com.photon.phresco.Screens.PhotonAbstractScreen.<init>(PhotonAbstractScreen.java:54)
	at com.photon.phresco.Screens.WelcomeScreen.<init>(WelcomeScreen.java:34)
	at com.photon.phresco.testcases.JavaWebServiceTest.setUp(JavaWebServiceTest.java:69)
	at sun.reflect.NativeMethodAccessorImpl.invoke0(Native Method)
	at sun.reflect.NativeMethodAccessorImpl.invoke(NativeMethodAccessorImpl.java:57)
	at sun.reflect.DelegatingMethodAccessorImpl.invoke(DelegatingMethodAccessorImpl.java:43)
	at java.lang.reflect.Method.invoke(Method.java:606)
	at org.testng.internal.MethodInvocationHelper.invokeMethod(MethodInvocationHelper.java:80)
	at org.testng.internal.Invoker.invokeConfigurationMethod(Invoker.java:551)
	at org.testng.internal.Invoker.invokeConfigurations(Invoker.java:213)
	at org.testng.internal.Invoker.invokeConfigurations(Invoker.java:138)
	at org.testng.TestRunner.beforeRun(TestRunner.java:641)
	at org.testng.TestRunner.run(TestRunner.java:609)
	at org.testng.SuiteRunner.runTest(SuiteRunner.java:334)
	at org.testng.SuiteRunner.access$000(SuiteRunner.java:37)
	at org.testng.SuiteRunner$SuiteWorker.run(SuiteRunner.java:368)
	at org.testng.internal.thread.ThreadUtil$2.call(ThreadUtil.java:64)
	at java.util.concurrent.FutureTask.run(FutureTask.java:262)
	at java.util.concurrent.ThreadPoolExecutor.runWorker(ThreadPoolExecutor.java:1145)
	at java.util.concurrent.ThreadPoolExecutor$Worker.run(ThreadPoolExecutor.java:615)
	at java.lang.Thread.run(Thread.java:744)
Caused by: org.openqa.grid.common.exception.GridException: Error forwarding the new session cannot find : {platform=WINDOWS, browserName=htmlunit}
	at org.openqa.grid.web.servlet.handler.RequestHandler.process(RequestHandler.java:112)
	at org.openqa.grid.web.servlet.DriverServlet.process(DriverServlet.java:84)
	at org.openqa.grid.web.servlet.DriverServlet.doPost(DriverServlet.java:68)
	at javax.servlet.http.HttpServlet.service(HttpServlet.java:727)
	at javax.servlet.http.HttpServlet.service(HttpServlet.java:820)
	at org.seleniumhq.jetty7.servlet.ServletHolder.handle(ServletHolder.java:565)
	at org.seleniumhq.jetty7.servlet.ServletHandler.doHandle(ServletHandler.java:479)
	at org.seleniumhq.jetty7.server.session.SessionHandler.doHandle(SessionHandler.java:225)
	at org.seleniumhq.jetty7.server.handler.ContextHandler.doHandle(ContextHandler.java:1031)
	at org.seleniumhq.jetty7.servlet.ServletHandler.doScope(ServletHandler.java:406)
	at org.seleniumhq.jetty7.server.session.SessionHandler.doScope(SessionHandler.java:186)
	at org.seleniumhq.jetty7.server.handler.ContextHandler.doScope(ContextHandler.java:965)
	at org.seleniumhq.jetty7.server.handler.ScopedHandler.handle(ScopedHandler.java:117)
	at org.seleniumhq.jetty7.server.handler.HandlerWrapper.handle(HandlerWrapper.java:111)
	at org.seleniumhq.jetty7.server.Server.handle(Server.java:349)
	at org.seleniumhq.jetty7.server.AbstractHttpConnection.handleRequest(AbstractHttpConnection.java:452)
	at org.seleniumhq.jetty7.server.BlockingHttpConnection.handleRequest(BlockingHttpConnection.java:47)
	at org.seleniumhq.jetty7.server.AbstractHttpConnection.content(AbstractHttpConnection.java:894)
	at org.seleniumhq.jetty7.server.AbstractHttpConnection$RequestHandler.content(AbstractHttpConnection.java:948)
	at org.seleniumhq.jetty7.http.HttpParser.parseNext(HttpParser.java:857)
	at org.seleniumhq.jetty7.http.HttpParser.parseAvailable(HttpParser.java:235)
	at org.seleniumhq.jetty7.server.BlockingHttpConnection.handle(BlockingHttpConnection.java:66)
	at org.seleniumhq.jetty7.server.bio.SocketConnector$ConnectorEndPoint.run(SocketConnector.java:254)
	at org.seleniumhq.jetty7.util.thread.QueuedThreadPool.runJob(QueuedThreadPool.java:599)
	at org.seleniumhq.jetty7.util.thread.QueuedThreadPool$3.run(QueuedThreadPool.java:534)
	at java.lang.Thread.run(Unknown Source)
]]>
            </full-stacktrace>
          </exception> <!-- org.openqa.selenium.WebDriverException -->
        </test-method> <!-- setUp -->
        <test-method status="SKIP" signature="testNavigationCategories()[pri:0, instance:com.photon.phresco.testcases.JavaWebServiceTest@b25e0fe]" name="testNavigationCategories" duration-ms="1" started-at="2014-09-04T20:04:34Z" finished-at="2014-09-04T20:04:34Z">
        </test-method> <!-- testNavigationCategories -->
        <test-method status="SKIP" signature="testNavigationCategories1()[pri:0, instance:com.photon.phresco.testcases.JavaWebServiceTest@b25e0fe]" name="testNavigationCategories1" duration-ms="0" started-at="2014-09-04T20:04:34Z" finished-at="2014-09-04T20:04:34Z">
        </test-method> <!-- testNavigationCategories1 -->
        <test-method status="SKIP" signature="testNavigationNewproducts()[pri:0, instance:com.photon.phresco.testcases.JavaWebServiceTest@b25e0fe]" name="testNavigationNewproducts" duration-ms="1" started-at="2014-09-04T20:04:34Z" finished-at="2014-09-04T20:04:34Z">
        </test-method> <!-- testNavigationNewproducts -->
        <test-method status="SKIP" signature="testNavigationCategories3()[pri:0, instance:com.photon.phresco.testcases.JavaWebServiceTest@b25e0fe]" name="testNavigationCategories3" duration-ms="0" started-at="2014-09-04T20:04:34Z" finished-at="2014-09-04T20:04:34Z">
        </test-method> <!-- testNavigationCategories3 -->
        <test-method status="SKIP" signature="testNavigationCategories2()[pri:0, instance:com.photon.phresco.testcases.JavaWebServiceTest@b25e0fe]" name="testNavigationCategories2" duration-ms="0" started-at="2014-09-04T20:04:34Z" finished-at="2014-09-04T20:04:34Z">
        </test-method> <!-- testNavigationCategories2 -->
        <test-method status="SKIP" signature="testNavigationProducts()[pri:0, instance:com.photon.phresco.testcases.JavaWebServiceTest@b25e0fe]" name="testNavigationProducts" duration-ms="0" started-at="2014-09-04T20:04:34Z" finished-at="2014-09-04T20:04:34Z">
        </test-method> <!-- testNavigationProducts -->
        <test-method status="SKIP" signature="testNavigationSearchComputer()[pri:0, instance:com.photon.phresco.testcases.JavaWebServiceTest@b25e0fe]" name="testNavigationSearchComputer" duration-ms="0" started-at="2014-09-04T20:04:34Z" finished-at="2014-09-04T20:04:34Z">
        </test-method> <!-- testNavigationSearchComputer -->
        <test-method status="SKIP" signature="testNavigationSpecialproducts()[pri:0, instance:com.photon.phresco.testcases.JavaWebServiceTest@b25e0fe]" name="testNavigationSpecialproducts" duration-ms="0" started-at="2014-09-04T20:04:34Z" finished-at="2014-09-04T20:04:34Z">
        </test-method> <!-- testNavigationSpecialproducts -->
        <test-method status="SKIP" signature="testNavigationSearchMobile()[pri:0, instance:com.photon.phresco.testcases.JavaWebServiceTest@b25e0fe]" name="testNavigationSearchMobile" duration-ms="0" started-at="2014-09-04T20:04:34Z" finished-at="2014-09-04T20:04:34Z">
        </test-method> <!-- testNavigationSearchMobile -->
        <test-method status="SKIP" signature="testNavigationWelcomepage()[pri:0, instance:com.photon.phresco.testcases.JavaWebServiceTest@b25e0fe]" name="testNavigationWelcomepage" duration-ms="0" started-at="2014-09-04T20:04:34Z" finished-at="2014-09-04T20:04:34Z">
        </test-method> <!-- testNavigationWelcomepage -->
        <test-method status="SKIP" signature="tearDown()[pri:0, instance:com.photon.phresco.testcases.JavaWebServiceTest@b25e0fe]" name="tearDown" is-config="true" duration-ms="0" started-at="2014-09-04T20:04:34Z" finished-at="2014-09-04T20:04:34Z">
        </test-method> <!-- tearDown -->
        <test-method status="SKIP" signature="testRestApiCategories()[pri:0, instance:com.photon.phresco.testcases.JavaWebServiceTest@b25e0fe]" name="testRestApiCategories" duration-ms="0" started-at="2014-09-04T20:04:34Z" finished-at="2014-09-04T20:04:34Z">
        </test-method> <!-- testRestApiCategories -->
      </class> <!-- com.photon.phresco.testcases.JavaWebServiceTest -->
    </test> <!-- VerifyWelcomePageOnHTMLUnit -->
    <test name="VerifyWelcomePageOnfirefox" duration-ms="14101797" started-at="2014-09-04T20:04:34Z" finished-at="2014-09-04T23:59:36Z">
      <class name="com.photon.phresco.testcases.JavaWebServiceTest">
        <test-method status="FAIL" signature="setUp(java.lang.String, java.lang.String)[pri:0, instance:com.photon.phresco.testcases.JavaWebServiceTest@499aed36]" name="setUp" is-config="true" duration-ms="0" started-at="2014-09-04T20:04:34Z" finished-at="2014-09-04T20:04:34Z">
          <params>
            <param index="0">
              <value>
                <![CDATA[firefox]]>
              </value>
            </param>
            <param index="1">
              <value>
                <![CDATA[WINDOWS]]>
              </value>
            </param>
          </params>
          <exception class="org.openqa.selenium.remote.UnreachableBrowserException">
            <message>
              <![CDATA[Could not start a new session. Possible causes are invalid address of the remote server or browser start-up failure.
Build info: version: '2.37.0', revision: 'a7c61cb', time: '2013-10-18 17:14:00'
System info: host: 'VARUNKUMAR_S', ip: '172.16.27.142', os.name: 'Windows 8', os.arch: 'amd64', os.version: '6.2', java.version: '1.7.0_51'
Driver info: driver.version: RemoteWebDriver]]>
            </message>
            <full-stacktrace>
              <![CDATA[org.openqa.selenium.remote.UnreachableBrowserException: Could not start a new session. Possible causes are invalid address of the remote server or browser start-up failure.
Build info: version: '2.37.0', revision: 'a7c61cb', time: '2013-10-18 17:14:00'
System info: host: 'VARUNKUMAR_S', ip: '172.16.27.142', os.name: 'Windows 8', os.arch: 'amd64', os.version: '6.2', java.version: '1.7.0_51'
Driver info: driver.version: RemoteWebDriver
	at org.openqa.selenium.remote.RemoteWebDriver.execute(RemoteWebDriver.java:548)
	at org.openqa.selenium.remote.RemoteWebDriver.startSession(RemoteWebDriver.java:216)
	at org.openqa.selenium.remote.RemoteWebDriver.<init>(RemoteWebDriver.java:111)
	at org.openqa.selenium.remote.RemoteWebDriver.<init>(RemoteWebDriver.java:129)
	at com.photon.phresco.Screens.BaseScreen.instantiateBrowser(BaseScreen.java:187)
	at com.photon.phresco.Screens.BaseScreen.initialize(BaseScreen.java:88)
	at com.photon.phresco.Screens.WebDriverAbstractBaseScreen.<init>(WebDriverAbstractBaseScreen.java:87)
	at com.photon.phresco.Screens.PhotonAbstractScreen.<init>(PhotonAbstractScreen.java:54)
	at com.photon.phresco.Screens.WelcomeScreen.<init>(WelcomeScreen.java:34)
	at com.photon.phresco.testcases.JavaWebServiceTest.setUp(JavaWebServiceTest.java:69)
	at sun.reflect.NativeMethodAccessorImpl.invoke0(Native Method)
	at sun.reflect.NativeMethodAccessorImpl.invoke(NativeMethodAccessorImpl.java:57)
	at sun.reflect.DelegatingMethodAccessorImpl.invoke(DelegatingMethodAccessorImpl.java:43)
	at java.lang.reflect.Method.invoke(Method.java:606)
	at org.testng.internal.MethodInvocationHelper.invokeMethod(MethodInvocationHelper.java:80)
	at org.testng.internal.Invoker.invokeConfigurationMethod(Invoker.java:551)
	at org.testng.internal.Invoker.invokeConfigurations(Invoker.java:213)
	at org.testng.internal.Invoker.invokeConfigurations(Invoker.java:138)
	at org.testng.TestRunner.beforeRun(TestRunner.java:641)
	at org.testng.TestRunner.run(TestRunner.java:609)
	at org.testng.SuiteRunner.runTest(SuiteRunner.java:334)
	at org.testng.SuiteRunner.access$000(SuiteRunner.java:37)
	at org.testng.SuiteRunner$SuiteWorker.run(SuiteRunner.java:368)
	at org.testng.internal.thread.ThreadUtil$2.call(ThreadUtil.java:64)
	at java.util.concurrent.FutureTask.run(FutureTask.java:262)
	at java.util.concurrent.ThreadPoolExecutor.runWorker(ThreadPoolExecutor.java:1145)
	at java.util.concurrent.ThreadPoolExecutor$Worker.run(ThreadPoolExecutor.java:615)
	at java.lang.Thread.run(Thread.java:744)
Caused by: java.net.SocketTimeoutException: Read timed out
	at java.net.SocketInputStream.socketRead0(Native Method)
	at java.net.SocketInputStream.read(SocketInputStream.java:152)
	at java.net.SocketInputStream.read(SocketInputStream.java:122)
	at org.apache.http.impl.io.AbstractSessionInputBuffer.fillBuffer(AbstractSessionInputBuffer.java:160)
	at org.apache.http.impl.io.SocketInputBuffer.fillBuffer(SocketInputBuffer.java:84)
	at org.apache.http.impl.io.AbstractSessionInputBuffer.readLine(AbstractSessionInputBuffer.java:273)
	at org.apache.http.impl.conn.DefaultHttpResponseParser.parseHead(DefaultHttpResponseParser.java:140)
	at org.apache.http.impl.conn.DefaultHttpResponseParser.parseHead(DefaultHttpResponseParser.java:57)
	at org.apache.http.impl.io.AbstractMessageParser.parse(AbstractMessageParser.java:260)
	at org.apache.http.impl.AbstractHttpClientConnection.receiveResponseHeader(AbstractHttpClientConnection.java:283)
	at org.apache.http.impl.conn.DefaultClientConnection.receiveResponseHeader(DefaultClientConnection.java:251)
	at org.apache.http.impl.conn.AbstractClientConnAdapter.receiveResponseHeader(AbstractClientConnAdapter.java:223)
	at org.apache.http.protocol.HttpRequestExecutor.doReceiveResponse(HttpRequestExecutor.java:271)
	at org.apache.http.protocol.HttpRequestExecutor.execute(HttpRequestExecutor.java:123)
	at org.apache.http.impl.client.DefaultRequestDirector.tryExecute(DefaultRequestDirector.java:682)
	at org.apache.http.impl.client.DefaultRequestDirector.execute(DefaultRequestDirector.java:486)
	at org.apache.http.impl.client.AbstractHttpClient.doExecute(AbstractHttpClient.java:863)
	at org.apache.http.impl.client.CloseableHttpClient.execute(CloseableHttpClient.java:72)
	at org.apache.http.impl.client.CloseableHttpClient.execute(CloseableHttpClient.java:57)
	at org.openqa.selenium.remote.HttpCommandExecutor.fallBackExecute(HttpCommandExecutor.java:319)
	at org.openqa.selenium.remote.HttpCommandExecutor.execute(HttpCommandExecutor.java:298)
	at org.openqa.selenium.remote.RemoteWebDriver.execute(RemoteWebDriver.java:527)
	... 27 more
]]>
            </full-stacktrace>
          </exception> <!-- org.openqa.selenium.remote.UnreachableBrowserException -->
        </test-method> <!-- setUp -->
        <test-method status="SKIP" signature="testNavigationCategories2()[pri:0, instance:com.photon.phresco.testcases.JavaWebServiceTest@499aed36]" name="testNavigationCategories2" duration-ms="0" started-at="2014-09-04T23:59:36Z" finished-at="2014-09-04T23:59:36Z">
        </test-method> <!-- testNavigationCategories2 -->
        <test-method status="SKIP" signature="testNavigationCategories1()[pri:0, instance:com.photon.phresco.testcases.JavaWebServiceTest@499aed36]" name="testNavigationCategories1" duration-ms="0" started-at="2014-09-04T23:59:36Z" finished-at="2014-09-04T23:59:36Z">
        </test-method> <!-- testNavigationCategories1 -->
        <test-method status="SKIP" signature="testNavigationCategories()[pri:0, instance:com.photon.phresco.testcases.JavaWebServiceTest@499aed36]" name="testNavigationCategories" duration-ms="0" started-at="2014-09-04T23:59:36Z" finished-at="2014-09-04T23:59:36Z">
        </test-method> <!-- testNavigationCategories -->
        <test-method status="SKIP" signature="testNavigationSearchMobile()[pri:0, instance:com.photon.phresco.testcases.JavaWebServiceTest@499aed36]" name="testNavigationSearchMobile" duration-ms="0" started-at="2014-09-04T23:59:36Z" finished-at="2014-09-04T23:59:36Z">
        </test-method> <!-- testNavigationSearchMobile -->
        <test-method status="SKIP" signature="testNavigationNewproducts()[pri:0, instance:com.photon.phresco.testcases.JavaWebServiceTest@499aed36]" name="testNavigationNewproducts" duration-ms="0" started-at="2014-09-04T23:59:36Z" finished-at="2014-09-04T23:59:36Z">
        </test-method> <!-- testNavigationNewproducts -->
        <test-method status="SKIP" signature="testNavigationProducts()[pri:0, instance:com.photon.phresco.testcases.JavaWebServiceTest@499aed36]" name="testNavigationProducts" duration-ms="0" started-at="2014-09-04T23:59:36Z" finished-at="2014-09-04T23:59:36Z">
        </test-method> <!-- testNavigationProducts -->
        <test-method status="SKIP" signature="testNavigationSearchComputer()[pri:0, instance:com.photon.phresco.testcases.JavaWebServiceTest@499aed36]" name="testNavigationSearchComputer" duration-ms="0" started-at="2014-09-04T23:59:36Z" finished-at="2014-09-04T23:59:36Z">
        </test-method> <!-- testNavigationSearchComputer -->
        <test-method status="SKIP" signature="testNavigationCategories3()[pri:0, instance:com.photon.phresco.testcases.JavaWebServiceTest@499aed36]" name="testNavigationCategories3" duration-ms="0" started-at="2014-09-04T23:59:36Z" finished-at="2014-09-04T23:59:36Z">
        </test-method> <!-- testNavigationCategories3 -->
        <test-method status="SKIP" signature="testNavigationSpecialproducts()[pri:0, instance:com.photon.phresco.testcases.JavaWebServiceTest@499aed36]" name="testNavigationSpecialproducts" duration-ms="1" started-at="2014-09-04T23:59:36Z" finished-at="2014-09-04T23:59:36Z">
        </test-method> <!-- testNavigationSpecialproducts -->
        <test-method status="SKIP" signature="testNavigationWelcomepage()[pri:0, instance:com.photon.phresco.testcases.JavaWebServiceTest@499aed36]" name="testNavigationWelcomepage" duration-ms="0" started-at="2014-09-04T23:59:36Z" finished-at="2014-09-04T23:59:36Z">
        </test-method> <!-- testNavigationWelcomepage -->
        <test-method status="SKIP" signature="tearDown()[pri:0, instance:com.photon.phresco.testcases.JavaWebServiceTest@499aed36]" name="tearDown" is-config="true" duration-ms="0" started-at="2014-09-04T23:59:36Z" finished-at="2014-09-04T23:59:36Z">
        </test-method> <!-- tearDown -->
        <test-method status="SKIP" signature="testRestApiCategories()[pri:0, instance:com.photon.phresco.testcases.JavaWebServiceTest@499aed36]" name="testRestApiCategories" duration-ms="0" started-at="2014-09-04T23:59:36Z" finished-at="2014-09-04T23:59:36Z">
        </test-method> <!-- testRestApiCategories -->
      </class> <!-- com.photon.phresco.testcases.JavaWebServiceTest -->
    </test> <!-- VerifyWelcomePageOnfirefox -->
  </suite> <!-- WelcomePageTestSuite -->
  <suite name="AllTest" duration-ms="0" started-at="2014-09-04T23:59:36Z" finished-at="2014-09-04T23:59:36Z">
    <groups>
    </groups>
  </suite> <!-- AllTest -->
</testng-results>
